CRITICAL - 2020-05-05 07:08:12 --> Call to undefined method CodeIgniter\HTTP\IncomingRequest::isPost()
#0 /Users/adarsh.jayan/Documents/news/system/CodeIgniter.php(914): App\Controllers\Authentication->signup()
#1 /Users/adarsh.jayan/Documents/news/system/CodeIgniter.php(400): CodeIgniter\CodeIgniter->runController(Object(App\Controllers\Authentication))
#2 /Users/adarsh.jayan/Documents/news/system/CodeIgniter.php(308): CodeIgniter\CodeIgniter->handleRequest(NULL, Object(Config\Cache), false)
#3 /Users/adarsh.jayan/Documents/news/public/index.php(45): CodeIgniter\CodeIgniter->run()
#4 {main}
CRITICAL - 2020-05-05 07:08:19 --> Call to undefined method CodeIgniter\HTTP\IncomingRequest::hasPost()
#0 /Users/adarsh.jayan/Documents/news/system/CodeIgniter.php(914): App\Controllers\Authentication->signup()
#1 /Users/adarsh.jayan/Documents/news/system/CodeIgniter.php(400): CodeIgniter\CodeIgniter->runController(Object(App\Controllers\Authentication))
#2 /Users/adarsh.jayan/Documents/news/system/CodeIgniter.php(308): CodeIgniter\CodeIgniter->handleRequest(NULL, Object(Config\Cache), false)
#3 /Users/adarsh.jayan/Documents/news/public/index.php(45): CodeIgniter\CodeIgniter->run()
#4 {main}
CRITICAL - 2020-05-05 07:09:40 --> Call to a member function server() on null
#0 /Users/adarsh.jayan/Documents/news/system/CodeIgniter.php(914): App\Controllers\Authentication->signup()
#1 /Users/adarsh.jayan/Documents/news/system/CodeIgniter.php(400): CodeIgniter\CodeIgniter->runController(Object(App\Controllers\Authentication))
#2 /Users/adarsh.jayan/Documents/news/system/CodeIgniter.php(308): CodeIgniter\CodeIgniter->handleRequest(NULL, Object(Config\Cache), false)
#3 /Users/adarsh.jayan/Documents/news/public/index.php(45): CodeIgniter\CodeIgniter->run()
#4 {main}
CRITICAL - 2020-05-05 07:34:29 --> Call to private method App\Controllers\BaseController::isMethod() from context 'App\Controllers\Authentication'
#0 /Users/adarsh.jayan/Documents/news/system/CodeIgniter.php(914): App\Controllers\Authentication->signup()
#1 /Users/adarsh.jayan/Documents/news/system/CodeIgniter.php(400): CodeIgniter\CodeIgniter->runController(Object(App\Controllers\Authentication))
#2 /Users/adarsh.jayan/Documents/news/system/CodeIgniter.php(308): CodeIgniter\CodeIgniter->handleRequest(NULL, Object(Config\Cache), false)
#3 /Users/adarsh.jayan/Documents/news/public/index.php(45): CodeIgniter\CodeIgniter->run()
#4 {main}
CRITICAL - 2020-05-05 07:35:26 --> Call to private method App\Controllers\BaseController::isMethod() from context 'App\Controllers\Authentication'
#0 /Users/adarsh.jayan/Documents/news/system/CodeIgniter.php(914): App\Controllers\Authentication->signup()
#1 /Users/adarsh.jayan/Documents/news/system/CodeIgniter.php(400): CodeIgniter\CodeIgniter->runController(Object(App\Controllers\Authentication))
#2 /Users/adarsh.jayan/Documents/news/system/CodeIgniter.php(308): CodeIgniter\CodeIgniter->handleRequest(NULL, Object(Config\Cache), false)
#3 /Users/adarsh.jayan/Documents/news/public/index.php(45): CodeIgniter\CodeIgniter->run()
#4 {main}
CRITICAL - 2020-05-05 07:37:31 --> Call to private method App\Controllers\BaseController::isMethod() from context 'App\Controllers\Authentication'
#0 /Users/adarsh.jayan/Documents/news/system/CodeIgniter.php(914): App\Controllers\Authentication->signup()
#1 /Users/adarsh.jayan/Documents/news/system/CodeIgniter.php(400): CodeIgniter\CodeIgniter->runController(Object(App\Controllers\Authentication))
#2 /Users/adarsh.jayan/Documents/news/system/CodeIgniter.php(308): CodeIgniter\CodeIgniter->handleRequest(NULL, Object(Config\Cache), false)
#3 /Users/adarsh.jayan/Documents/news/public/index.php(45): CodeIgniter\CodeIgniter->run()
#4 {main}
CRITICAL - 2020-05-05 07:38:26 --> Call to private method App\Controllers\BaseController::isMethod() from context 'App\Controllers\Authentication'
#0 /Users/adarsh.jayan/Documents/news/system/CodeIgniter.php(914): App\Controllers\Authentication->signup()
#1 /Users/adarsh.jayan/Documents/news/system/CodeIgniter.php(400): CodeIgniter\CodeIgniter->runController(Object(App\Controllers\Authentication))
#2 /Users/adarsh.jayan/Documents/news/system/CodeIgniter.php(308): CodeIgniter\CodeIgniter->handleRequest(NULL, Object(Config\Cache), false)
#3 /Users/adarsh.jayan/Documents/news/public/index.php(45): CodeIgniter\CodeIgniter->run()
#4 {main}
CRITICAL - 2020-05-05 08:09:23 --> array_push() expects parameter 1 to be array, null given
#0 [internal function]: CodeIgniter\Debug\Exceptions->errorHandler(2, 'array_push() ex...', '/Users/adarsh.j...', 48, Array)
#1 /Users/adarsh.jayan/Documents/news/app/Controllers/Authentication.php(48): array_push(NULL, 'password not pr...')
#2 /Users/adarsh.jayan/Documents/news/system/CodeIgniter.php(914): App\Controllers\Authentication->signup()
#3 /Users/adarsh.jayan/Documents/news/system/CodeIgniter.php(400): CodeIgniter\CodeIgniter->runController(Object(App\Controllers\Authentication))
#4 /Users/adarsh.jayan/Documents/news/system/CodeIgniter.php(308): CodeIgniter\CodeIgniter->handleRequest(NULL, Object(Config\Cache), false)
#5 /Users/adarsh.jayan/Documents/news/public/index.php(45): CodeIgniter\CodeIgniter->run()
#6 {main}
CRITICAL - 2020-05-05 08:10:08 --> array_push() expects parameter 1 to be array, null given
#0 [internal function]: CodeIgniter\Debug\Exceptions->errorHandler(2, 'array_push() ex...', '/Users/adarsh.j...', 48, Array)
#1 /Users/adarsh.jayan/Documents/news/app/Controllers/Authentication.php(48): array_push(NULL, 'password not pr...')
#2 /Users/adarsh.jayan/Documents/news/system/CodeIgniter.php(914): App\Controllers\Authentication->signup()
#3 /Users/adarsh.jayan/Documents/news/system/CodeIgniter.php(400): CodeIgniter\CodeIgniter->runController(Object(App\Controllers\Authentication))
#4 /Users/adarsh.jayan/Documents/news/system/CodeIgniter.php(308): CodeIgniter\CodeIgniter->handleRequest(NULL, Object(Config\Cache), false)
#5 /Users/adarsh.jayan/Documents/news/public/index.php(45): CodeIgniter\CodeIgniter->run()
#6 {main}
CRITICAL - 2020-05-05 08:30:28 --> array_push() expects parameter 1 to be array, null given
#0 [internal function]: CodeIgniter\Debug\Exceptions->errorHandler(2, 'array_push() ex...', '/Users/adarsh.j...', 50, Array)
#1 /Users/adarsh.jayan/Documents/news/app/Controllers/Authentication.php(50): array_push(NULL, 'password not pr...')
#2 /Users/adarsh.jayan/Documents/news/system/CodeIgniter.php(914): App\Controllers\Authentication->signup()
#3 /Users/adarsh.jayan/Documents/news/system/CodeIgniter.php(400): CodeIgniter\CodeIgniter->runController(Object(App\Controllers\Authentication))
#4 /Users/adarsh.jayan/Documents/news/system/CodeIgniter.php(308): CodeIgniter\CodeIgniter->handleRequest(NULL, Object(Config\Cache), false)
#5 /Users/adarsh.jayan/Documents/news/public/index.php(45): CodeIgniter\CodeIgniter->run()
#6 {main}
CRITICAL - 2020-05-05 08:30:29 --> array_push() expects parameter 1 to be array, null given
#0 [internal function]: CodeIgniter\Debug\Exceptions->errorHandler(2, 'array_push() ex...', '/Users/adarsh.j...', 50, Array)
#1 /Users/adarsh.jayan/Documents/news/app/Controllers/Authentication.php(50): array_push(NULL, 'password not pr...')
#2 /Users/adarsh.jayan/Documents/news/system/CodeIgniter.php(914): App\Controllers\Authentication->signup()
#3 /Users/adarsh.jayan/Documents/news/system/CodeIgniter.php(400): CodeIgniter\CodeIgniter->runController(Object(App\Controllers\Authentication))
#4 /Users/adarsh.jayan/Documents/news/system/CodeIgniter.php(308): CodeIgniter\CodeIgniter->handleRequest(NULL, Object(Config\Cache), false)
#5 /Users/adarsh.jayan/Documents/news/public/index.php(45): CodeIgniter\CodeIgniter->run()
#6 {main}
